<?xml version="1.0" encoding="UTF-8"?>
<TestRun id="30076393-a98d-40be-9c47-5d2c0a60bb1d" name="kryptonite@KRYPTONITE-PC 2011-02-15 14:26:57" runUser="kryptonite-PC\kryptonite" xmlns="http://microsoft.com/schemas/VisualStudio/TeamTest/2006">
  <TestRunConfiguration name="Default Run Configuration" id="c3e8f2df-a2d5-4b15-b904-a9f377974501">
    <Deployment runDeploymentRoot="D:\JoshFiles\ClassDLL\JBiometric\TestProject2\bin\Debug\TestResults\kryptonite_KRYPTONITE-PC 2011-02-15 14_26_57" />
    <Hosts skipUnhostableTests="false" />
    <TestTypeSpecific />
  </TestRunConfiguration>
  <ResultSummary outcome="Failed">
    <Counters total="1" executed="1" error="0" failed="1" timeout="0" aborted="0" inconclusive="0" passedButRunAborted="0" notRunnable="0" notExecuted="0" disconnected="0" warning="0" passed="0" completed="0" inProgress="0" pending="0" />
  </ResultSummary>
  <Times creation="2011-02-15T14:26:57.1370038+08:00" queuing="2011-02-15T14:26:58.2240660+08:00" start="2011-02-15T14:26:58.3840751+08:00" finish="2011-02-15T14:27:20.1483200+08:00" />
  <TestDefinitions>
    <UnitTest name="LoadEnrolleeAttendanceDTRAllTest" storage="d:\joshfiles\classdll\jbiometric\testproject2\bin\debug\testproject2.dll" id="c234175b-e3fa-8744-2795-dfcb44a844f1">
      <Css projectStructure="" iteration="" />
      <Execution timeOut="1800000" id="5e182c62-e43e-405e-85e9-b3101ce17f42" />
      <Owners>
        <Owner name="" />
      </Owners>
      <DeploymentItems>
        <DeploymentItem filename="AttendanceKeeper.exe" />
      </DeploymentItems>
      <TestMethod codeBase="D:/JoshFiles/ClassDLL/JBiometric/TestProject2/bin/Debug/TestProject2.DLL" adapterTypeName="Microsoft.VisualStudio.TestTools.TestTypes.Unit.UnitTestAdapter, Microsoft.VisualStudio.QualityTools.Tips.UnitTest.Adapter" className="TestProject2.DataManagementClassTest, TestProject2, Version=1.0.0.0, Culture=neutral, PublicKeyToken=null" name="LoadEnrolleeAttendanceDTRAllTest" />
    </UnitTest>
  </TestDefinitions>
  <TestLists>
    <TestList name="Results Not in a List" id="8c84fa94-04c1-424b-9868-57a2d4851a1d" />
    <TestList name="All Loaded Results" id="19431567-8539-422a-85d7-44ee4e166bda" />
  </TestLists>
  <TestEntries>
    <TestEntry testId="c234175b-e3fa-8744-2795-dfcb44a844f1" executionId="5e182c62-e43e-405e-85e9-b3101ce17f42" testListId="8c84fa94-04c1-424b-9868-57a2d4851a1d" />
  </TestEntries>
  <Results>
    <UnitTestResult executionId="5e182c62-e43e-405e-85e9-b3101ce17f42" testId="c234175b-e3fa-8744-2795-dfcb44a844f1" testName="LoadEnrolleeAttendanceDTRAllTest" computerName="KRYPTONITE-PC" duration="00:00:21.4835791" startTime="2011-02-15T14:26:58.4570793+08:00" endTime="2011-02-15T14:27:20.0683154+08:00" testType="13cdc9d9-ddb5-4fa4-a97d-d965ccfc6d4b" outcome="Failed" testListId="8c84fa94-04c1-424b-9868-57a2d4851a1d">
      <Output>
        <StdOut>7:28
7:28
12:1
12:55
17:2
7:55
17:8
12:28
16:54
17:11
12:28
8:18
8:18
8:18
8:18
8:27
8:27
8:7
8:7
12:58
12:11
12:1
12:22</StdOut>
        <ErrorInfo>
          <Message>Test method TestProject2.DataManagementClassTest.LoadEnrolleeAttendanceDTRAllTest threw exception:  System.InvalidOperationException: Collection was modified; enumeration operation may not execute..</Message>
          <StackTrace>    at System.ThrowHelper.ThrowInvalidOperationException(ExceptionResource resource)
   at System.Collections.Generic.List`1.Enumerator.MoveNextRare()
   at System.Collections.Generic.List`1.Enumerator.MoveNext()
   at System.Linq.Enumerable.WhereListIterator`1.MoveNext()
   at AttendanceKeeper.Classes.DataManagementClass.LoadEnrolleeAttendanceDTRAll(List`1 lEnrollee, Int32 iMonth, Int32 iYear, List`1&amp; lMacDumpLogs) in D:\Projects\AttKeeper\AttendanceKeeper\AttendanceKeeper\Classes\DataManagementClass.cs:line 560
   at AttendanceKeeper.Classes.DataManagementClass_Accessor.LoadEnrolleeAttendanceDTRAll(List`1 lEnrollee, Int32 iMonth, Int32 iYear, List`1&amp; lMacDumpLogs)
   at TestProject2.DataManagementClassTest.LoadEnrolleeAttendanceDTRAllTest() in D:\JoshFiles\ClassDLL\JBiometric\TestProject2\DataManagementClassTest.cs:line 83
</StackTrace>
        </ErrorInfo>
      </Output>
    </UnitTestResult>
  </Results>
</TestRun>