<?xml version="1.0" encoding="UTF-8"?>
<TestRun id="6343f049-358d-435f-af94-59cd5d6a2954" name="kryptonite@KRYPTONITE-PC 2011-02-28 11:27:20" runUser="kryptonite-PC\kryptonite" xmlns="http://microsoft.com/schemas/VisualStudio/TeamTest/2006">
  <TestRunConfiguration name="Default Run Configuration" id="65b3f300-09f3-4a6b-84d7-0b511fb36fdb">
    <Deployment runDeploymentRoot="D:\JoshFiles\ClassDLL\JBiometric\TestProject2\bin\Debug\TestResults\kryptonite_KRYPTONITE-PC 2011-02-28 11_27_20" />
    <Hosts skipUnhostableTests="false" />
    <TestTypeSpecific />
  </TestRunConfiguration>
  <ResultSummary outcome="Completed">
    <Counters total="1" executed="1" passed="1" error="0" failed="0" timeout="0" aborted="0" inconclusive="0" passedButRunAborted="0" notRunnable="0" notExecuted="0" disconnected="0" warning="0" completed="0" inProgress="0" pending="0" />
  </ResultSummary>
  <Times creation="2011-02-28T11:27:20.0329966+08:00" queuing="2011-02-28T11:27:21.0320537+08:00" start="2011-02-28T11:27:21.1850625+08:00" finish="2011-02-28T11:27:23.7222076+08:00" />
  <TestDefinitions>
    <UnitTest name="ImportEnrolleesTest" storage="d:\joshfiles\classdll\jbiometric\testproject2\bin\debug\testproject2.dll" id="9a4d54e7-f50d-4173-d65c-635ed9136a74">
      <Css projectStructure="" iteration="" />
      <Execution timeOut="1800000" id="76f8e4b4-2a7b-4313-ad2d-db1e8ecfeb39" />
      <Owners>
        <Owner name="" />
      </Owners>
      <TestMethod codeBase="D:/JoshFiles/ClassDLL/JBiometric/TestProject2/bin/Debug/TestProject2.DLL" adapterTypeName="Microsoft.VisualStudio.TestTools.TestTypes.Unit.UnitTestAdapter, Microsoft.VisualStudio.QualityTools.Tips.UnitTest.Adapter" className="TestProject2.UtilityClassTest, TestProject2, Version=1.0.0.0, Culture=neutral, PublicKeyToken=null" name="ImportEnrolleesTest" />
    </UnitTest>
  </TestDefinitions>
  <TestLists>
    <TestList name="Results Not in a List" id="8c84fa94-04c1-424b-9868-57a2d4851a1d" />
    <TestList name="All Loaded Results" id="19431567-8539-422a-85d7-44ee4e166bda" />
  </TestLists>
  <TestEntries>
    <TestEntry testId="9a4d54e7-f50d-4173-d65c-635ed9136a74" executionId="76f8e4b4-2a7b-4313-ad2d-db1e8ecfeb39" testListId="8c84fa94-04c1-424b-9868-57a2d4851a1d" />
  </TestEntries>
  <Results>
    <UnitTestResult executionId="76f8e4b4-2a7b-4313-ad2d-db1e8ecfeb39" testId="9a4d54e7-f50d-4173-d65c-635ed9136a74" testName="ImportEnrolleesTest" computerName="KRYPTONITE-PC" duration="00:00:02.2976826" startTime="2011-02-28T11:27:21.2430658+08:00" endTime="2011-02-28T11:27:23.6282022+08:00" testType="13cdc9d9-ddb5-4fa4-a97d-d965ccfc6d4b" outcome="Passed" testListId="8c84fa94-04c1-424b-9868-57a2d4851a1d">
      <Output>
        <StdOut>2 - 2
0 -</StdOut>
      </Output>
    </UnitTestResult>
  </Results>
</TestRun>