<?xml version="1.0" encoding="UTF-8"?>
<TestRun id="b227d4f6-00d8-4186-b97a-af6b7206517f" name="kryptonite@KRYPTONITE-PC 2011-02-15 15:10:48" runUser="kryptonite-PC\kryptonite" xmlns="http://microsoft.com/schemas/VisualStudio/TeamTest/2006">
  <TestRunConfiguration name="Default Run Configuration" id="53953203-9375-49f7-a7bd-7a86176d1aeb">
    <Deployment runDeploymentRoot="D:\JoshFiles\ClassDLL\JBiometric\TestProject2\bin\Debug\TestResults\kryptonite_KRYPTONITE-PC 2011-02-15 15_10_48" />
    <Hosts skipUnhostableTests="false" />
    <TestTypeSpecific />
  </TestRunConfiguration>
  <ResultSummary outcome="Completed">
    <Counters total="1" executed="1" passed="1" error="0" failed="0" timeout="0" aborted="0" inconclusive="0" passedButRunAborted="0" notRunnable="0" notExecuted="0" disconnected="0" warning="0" completed="0" inProgress="0" pending="0" />
  </ResultSummary>
  <Times creation="2011-02-15T15:10:48.5539760+08:00" queuing="2011-02-15T15:10:49.6020360+08:00" start="2011-02-15T15:10:49.7800462+08:00" finish="2011-02-15T15:10:58.0295180+08:00" />
  <TestDefinitions>
    <UnitTest name="LoadEnrolleeAttendanceDTRAllTest" storage="d:\joshfiles\classdll\jbiometric\testproject2\bin\debug\testproject2.dll" id="c234175b-e3fa-8744-2795-dfcb44a844f1">
      <Css projectStructure="" iteration="" />
      <Execution timeOut="1800000" id="60091014-02df-444a-a8a4-e0392055e3e2" />
      <Owners>
        <Owner name="" />
      </Owners>
      <DeploymentItems>
        <DeploymentItem filename="AttendanceKeeper.exe" />
      </DeploymentItems>
      <TestMethod codeBase="D:/JoshFiles/ClassDLL/JBiometric/TestProject2/bin/Debug/TestProject2.DLL" adapterTypeName="Microsoft.VisualStudio.TestTools.TestTypes.Unit.UnitTestAdapter, Microsoft.VisualStudio.QualityTools.Tips.UnitTest.Adapter" className="TestProject2.DataManagementClassTest, TestProject2, Version=1.0.0.0, Culture=neutral, PublicKeyToken=null" name="LoadEnrolleeAttendanceDTRAllTest" />
    </UnitTest>
  </TestDefinitions>
  <TestLists>
    <TestList name="Results Not in a List" id="8c84fa94-04c1-424b-9868-57a2d4851a1d" />
    <TestList name="All Loaded Results" id="19431567-8539-422a-85d7-44ee4e166bda" />
  </TestLists>
  <TestEntries>
    <TestEntry testId="c234175b-e3fa-8744-2795-dfcb44a844f1" executionId="60091014-02df-444a-a8a4-e0392055e3e2" testListId="8c84fa94-04c1-424b-9868-57a2d4851a1d" />
  </TestEntries>
  <Results>
    <UnitTestResult executionId="60091014-02df-444a-a8a4-e0392055e3e2" testId="c234175b-e3fa-8744-2795-dfcb44a844f1" testName="LoadEnrolleeAttendanceDTRAllTest" computerName="KRYPTONITE-PC" duration="00:00:08.0007175" startTime="2011-02-15T15:10:49.8580506+08:00" endTime="2011-02-15T15:10:57.9675144+08:00" testType="13cdc9d9-ddb5-4fa4-a97d-d965ccfc6d4b" outcome="Passed" testListId="8c84fa94-04c1-424b-9868-57a2d4851a1d">
      <Output>
        <StdOut>7:28
7:28
12:1
12:55
17:2
7:55
17:8
12:28
16:54
17:11
12:28
12:58
12:11
12:1
12:22
117, 1/26/2011 12:00:00 AM
117, 1/27/2011 12:00:00 AM
117, 1/28/2011 12:00:00 AM
117, 1/31/2011 12:00:00 AM
117, 2/1/2011 12:00:00 AM
117, 2/2/2011 12:00:00 AM
117, 2/4/2011 12:00:00 AM
10, 1/24/2011 12:00:00 AM
10, 1/25/2011 12:00:00 AM
10, 1/26/2011 12:00:00 AM
10, 1/27/2011 12:00:00 AM
10, 2/1/2011 12:00:00 AM
10, 2/2/2011 12:00:00 AM
10, 2/4/2011 12:00:00 AM
100, 1/25/2011 12:00:00 AM
100, 1/26/2011 12:00:00 AM
100, 1/28/2011 12:00:00 AM
100, 1/31/2011 12:00:00 AM
100, 2/1/2011 12:00:00 AM
100, 2/2/2011 12:00:00 AM
100, 2/3/2011 12:00:00 AM
100, 2/4/2011 12:00:00 AM
32, 1/24/2011 12:00:00 AM
32, 1/25/2011 12:00:00 AM
32, 1/26/2011 12:00:00 AM
32, 1/27/2011 12:00:00 AM
32, 1/28/2011 12:00:00 AM
32, 1/31/2011 12:00:00 AM
32, 2/1/2011 12:00:00 AM
32, 2/2/2011 12:00:00 AM
32, 2/3/2011 12:00:00 AM
32, 2/4/2011 12:00:00 AM
68, 1/24/2011 12:00:00 AM
68, 1/25/2011 12:00:00 AM
68, 1/26/2011 12:00:00 AM
68, 1/27/2011 12:00:00 AM
68, 1/28/2011 12:00:00 AM
68, 1/31/2011 12:00:00 AM
68, 2/1/2011 12:00:00 AM
68, 2/2/2011 12:00:00 AM
68, 2/3/2011 12:00:00 AM
68, 2/4/2011 12:00:00 AM
77, 1/24/2011 12:00:00 AM
77, 1/25/2011 12:00:00 AM
77, 1/26/2011 12:00:00 AM
77, 1/27/2011 12:00:00 AM
77, 1/28/2011 12:00:00 AM
77, 1/31/2011 12:00:00 AM
77, 2/1/2011 12:00:00 AM
77, 2/2/2011 12:00:00 AM
77, 2/3/2011 12:00:00 AM
77, 2/4/2011 12:00:00 AM
103, 1/25/2011 12:00:00 AM
103, 1/26/2011 12:00:00 AM
103, 1/27/2011 12:00:00 AM
103, 1/31/2011 12:00:00 AM
71, 1/24/2011 12:00:00 AM
71, 1/25/2011 12:00:00 AM
71, 1/26/2011 12:00:00 AM
71, 1/27/2011 12:00:00 AM
71, 1/28/2011 12:00:00 AM
71, 1/31/2011 12:00:00 AM
71, 2/1/2011 12:00:00 AM
71, 2/2/2011 12:00:00 AM
71, 2/3/2011 12:00:00 AM
71, 2/4/2011 12:00:00 AM
4, 1/25/2011 12:00:00 AM
4, 1/26/2011 12:00:00 AM
4, 1/27/2011 12:00:00 AM
4, 1/28/2011 12:00:00 AM
4, 1/31/2011 12:00:00 AM
4, 2/1/2011 12:00:00 AM
4, 2/2/2011 12:00:00 AM
4, 2/3/2011 12:00:00 AM
4, 2/4/2011 12:00:00 AM
48, 1/24/2011 12:00:00 AM
48, 1/25/2011 12:00:00 AM
48, 1/26/2011 12:00:00 AM
48, 1/27/2011 12:00:00 AM
48, 1/28/2011 12:00:00 AM
48, 1/31/2011 12:00:00 AM
48, 2/1/2011 12:00:00 AM
48, 2/2/2011 12:00:00 AM
48, 2/3/2011 12:00:00 AM
48, 2/4/2011 12:00:00 AM
121, 2/2/2011 12:00:00 AM
91, 1/24/2011 12:00:00 AM
91, 1/25/2011 12:00:00 AM
91, 1/26/2011 12:00:00 AM
91, 1/27/2011 12:00:00 AM
91, 1/28/2011 12:00:00 AM
91, 1/31/2011 12:00:00 AM
91, 2/1/2011 12:00:00 AM
91, 2/2/2011 12:00:00 AM
91, 2/3/2011 12:00:00 AM
91, 2/4/2011 12:00:00 AM
57, 1/24/2011 12:00:00 AM
57, 1/25/2011 12:00:00 AM
57, 1/26/2011 12:00:00 AM
57, 1/27/2011 12:00:00 AM
57, 1/28/2011 12:00:00 AM
57, 1/31/2011 12:00:00 AM
57, 2/1/2011 12:00:00 AM
57, 2/2/2011 12:00:00 AM
57, 2/3/2011 12:00:00 AM
57, 2/4/2011 12:00:00 AM
27, 1/24/2011 12:00:00 AM
27, 1/25/2011 12:00:00 AM
27, 1/26/2011 12:00:00 AM
27, 1/27/2011 12:00:00 AM
27, 1/28/2011 12:00:00 AM
27, 1/31/2011 12:00:00 AM
27, 2/1/2011 12:00:00 AM
27, 2/3/2011 12:00:00 AM
27, 2/4/2011 12:00:00 AM
6, 1/24/2011 12:00:00 AM
6, 1/25/2011 12:00:00 AM
6, 1/26/2011 12:00:00 AM
6, 1/27/2011 12:00:00 AM
6, 1/31/2011 12:00:00 AM
6, 2/1/2011 12:00:00 AM
6, 2/2/2011 12:00:00 AM
6, 2/3/2011 12:00:00 AM
6, 2/4/2011 12:00:00 AM
104, 1/24/2011 12:00:00 AM
104, 1/25/2011 12:00:00 AM
104, 1/27/2011 12:00:00 AM
104, 1/31/2011 12:00:00 AM
104, 2/1/2011 12:00:00 AM
104, 2/3/2011 12:00:00 AM
104, 2/4/2011 12:00:00 AM
49, 1/24/2011 12:00:00 AM
49, 1/25/2011 12:00:00 AM
49, 1/26/2011 12:00:00 AM
49, 1/27/2011 12:00:00 AM
49, 1/28/2011 12:00:00 AM
49, 1/31/2011 12:00:00 AM
49, 2/1/2011 12:00:00 AM
49, 2/2/2011 12:00:00 AM
49, 2/3/2011 12:00:00 AM
49, 2/4/2011 12:00:00 AM
69, 1/24/2011 12:00:00 AM
69, 1/25/2011 12:00:00 AM
69, 1/26/2011 12:00:00 AM
69, 1/27/2011 12:00:00 AM
69, 1/28/2011 12:00:00 AM
69, 1/31/2011 12:00:00 AM
69, 2/1/2011 12:00:00 AM
69, 2/2/2011 12:00:00 AM
101, 1/24/2011 12:00:00 AM
101, 1/25/2011 12:00:00 AM
101, 1/26/2011 12:00:00 AM
101, 1/27/2011 12:00:00 AM
101, 1/28/2011 12:00:00 AM
101, 1/31/2011 12:00:00 AM
101, 2/1/2011 12:00:00 AM</StdOut>
      </Output>
    </UnitTestResult>
  </Results>
</TestRun>