<?xml version="1.0" encoding="UTF-8"?>
<TestRun id="dd496f62-600e-4c40-bd38-a9361901e654" name="kryptonite@KRYPTONITE-PC 2011-02-28 11:28:56" runUser="kryptonite-PC\kryptonite" xmlns="http://microsoft.com/schemas/VisualStudio/TeamTest/2006">
  <TestRunConfiguration name="Default Run Configuration" id="4deccfcd-adae-44d7-845e-f4430275ab3d">
    <Deployment runDeploymentRoot="D:\JoshFiles\ClassDLL\JBiometric\TestProject2\bin\Debug\TestResults\kryptonite_KRYPTONITE-PC 2011-02-28 11_28_56" />
    <Hosts skipUnhostableTests="false" />
    <TestTypeSpecific />
  </TestRunConfiguration>
  <ResultSummary outcome="Completed">
    <Counters total="1" executed="1" passed="1" error="0" failed="0" timeout="0" aborted="0" inconclusive="0" passedButRunAborted="0" notRunnable="0" notExecuted="0" disconnected="0" warning="0" completed="0" inProgress="0" pending="0" />
  </ResultSummary>
  <Times creation="2011-02-28T11:28:56.6485227+08:00" queuing="2011-02-28T11:28:57.3945654+08:00" start="2011-02-28T11:28:57.5895765+08:00" finish="2011-02-28T11:28:58.9406538+08:00" />
  <TestDefinitions>
    <UnitTest name="ImportEnrolleesTest" storage="d:\joshfiles\classdll\jbiometric\testproject2\bin\debug\testproject2.dll" id="9a4d54e7-f50d-4173-d65c-635ed9136a74">
      <Css projectStructure="" iteration="" />
      <Execution timeOut="1800000" id="ee452046-610e-4e1d-a06c-a0ab1a1a9524" />
      <Owners>
        <Owner name="" />
      </Owners>
      <TestMethod codeBase="D:/JoshFiles/ClassDLL/JBiometric/TestProject2/bin/Debug/TestProject2.DLL" adapterTypeName="Microsoft.VisualStudio.TestTools.TestTypes.Unit.UnitTestAdapter, Microsoft.VisualStudio.QualityTools.Tips.UnitTest.Adapter" className="TestProject2.UtilityClassTest, TestProject2, Version=1.0.0.0, Culture=neutral, PublicKeyToken=null" name="ImportEnrolleesTest" />
    </UnitTest>
  </TestDefinitions>
  <TestLists>
    <TestList name="Results Not in a List" id="8c84fa94-04c1-424b-9868-57a2d4851a1d" />
    <TestList name="All Loaded Results" id="19431567-8539-422a-85d7-44ee4e166bda" />
  </TestLists>
  <TestEntries>
    <TestEntry testId="9a4d54e7-f50d-4173-d65c-635ed9136a74" executionId="ee452046-610e-4e1d-a06c-a0ab1a1a9524" testListId="8c84fa94-04c1-424b-9868-57a2d4851a1d" />
  </TestEntries>
  <Results>
    <UnitTestResult executionId="ee452046-610e-4e1d-a06c-a0ab1a1a9524" testId="9a4d54e7-f50d-4173-d65c-635ed9136a74" testName="ImportEnrolleesTest" computerName="KRYPTONITE-PC" duration="00:00:01.0801751" startTime="2011-02-28T11:28:57.6865821+08:00" endTime="2011-02-28T11:28:58.8556489+08:00" testType="13cdc9d9-ddb5-4fa4-a97d-d965ccfc6d4b" outcome="Passed" testListId="8c84fa94-04c1-424b-9868-57a2d4851a1d">
      <Output>
        <StdOut>2 - 2
0 -</StdOut>
      </Output>
    </UnitTestResult>
  </Results>
</TestRun>