<?xml version="1.0" encoding="UTF-8"?>
<TestRun id="cafdd556-c88b-4adc-b7a8-4434227169a5" name="kryptonite@KRYPTONITE-PC 2011-02-28 11:26:25" runUser="kryptonite-PC\kryptonite" xmlns="http://microsoft.com/schemas/VisualStudio/TeamTest/2006">
  <TestRunConfiguration name="Default Run Configuration" id="413c5164-bd55-47d6-bf31-e257e309f56a">
    <Deployment runDeploymentRoot="D:\JoshFiles\ClassDLL\JBiometric\TestProject2\bin\Debug\TestResults\kryptonite_KRYPTONITE-PC 2011-02-28 11_26_25" />
    <Hosts skipUnhostableTests="false" />
    <TestTypeSpecific />
  </TestRunConfiguration>
  <ResultSummary outcome="Failed">
    <Counters total="1" executed="1" error="0" failed="1" timeout="0" aborted="0" inconclusive="0" passedButRunAborted="0" notRunnable="0" notExecuted="0" disconnected="0" warning="0" passed="0" completed="0" inProgress="0" pending="0" />
  </ResultSummary>
  <Times creation="2011-02-28T11:26:25.7858938+08:00" queuing="2011-02-28T11:26:26.7639498+08:00" start="2011-02-28T11:26:26.9729617+08:00" finish="2011-02-28T11:26:30.5531665+08:00" />
  <TestDefinitions>
    <UnitTest name="ImportEnrolleesTest" storage="d:\joshfiles\classdll\jbiometric\testproject2\bin\debug\testproject2.dll" id="9a4d54e7-f50d-4173-d65c-635ed9136a74">
      <Css projectStructure="" iteration="" />
      <Execution timeOut="1800000" id="95879664-eab3-413f-ab72-6af152849f1d" />
      <Owners>
        <Owner name="" />
      </Owners>
      <TestMethod codeBase="D:/JoshFiles/ClassDLL/JBiometric/TestProject2/bin/Debug/TestProject2.DLL" adapterTypeName="Microsoft.VisualStudio.TestTools.TestTypes.Unit.UnitTestAdapter, Microsoft.VisualStudio.QualityTools.Tips.UnitTest.Adapter" className="TestProject2.UtilityClassTest, TestProject2, Version=1.0.0.0, Culture=neutral, PublicKeyToken=null" name="ImportEnrolleesTest" />
    </UnitTest>
  </TestDefinitions>
  <TestLists>
    <TestList name="Results Not in a List" id="8c84fa94-04c1-424b-9868-57a2d4851a1d" />
    <TestList name="All Loaded Results" id="19431567-8539-422a-85d7-44ee4e166bda" />
  </TestLists>
  <TestEntries>
    <TestEntry testId="9a4d54e7-f50d-4173-d65c-635ed9136a74" executionId="95879664-eab3-413f-ab72-6af152849f1d" testListId="8c84fa94-04c1-424b-9868-57a2d4851a1d" />
  </TestEntries>
  <Results>
    <UnitTestResult executionId="95879664-eab3-413f-ab72-6af152849f1d" testId="9a4d54e7-f50d-4173-d65c-635ed9136a74" testName="ImportEnrolleesTest" computerName="KRYPTONITE-PC" duration="00:00:03.2948196" startTime="2011-02-28T11:26:27.0319651+08:00" endTime="2011-02-28T11:26:30.4071582+08:00" testType="13cdc9d9-ddb5-4fa4-a97d-d965ccfc6d4b" outcome="Failed" testListId="8c84fa94-04c1-424b-9868-57a2d4851a1d">
      <Output>
        <ErrorInfo>
          <Message>Test method TestProject2.UtilityClassTest.ImportEnrolleesTest threw exception:  System.Runtime.InteropServices.COMException: 'C:\Users\kryptonite\Desktop.Book1.xls' could not be found. Check the spelling of the file name, and verify that the file location is correct.

If you are trying to open the file from your list of most recently used files, make sure that the file has not been renamed, moved, or deleted..</Message>
          <StackTrace>    at Microsoft.Office.Interop.Excel.Workbooks.Open(String Filename, Object UpdateLinks, Object ReadOnly, Object Format, Object Password, Object WriteResPassword, Object IgnoreReadOnlyRecommended, Object Origin, Object Delimiter, Object Editable, Object Notify, Object Converter, Object AddToMru, Object Local, Object CorruptLoad)
   at AttendanceKeeper.Classes.UtilityClass.ImportEnrollees(String path) in D:\Projects\AttKeeper\AttendanceKeeper\AttendanceKeeper\Classes\UtilityClass.cs:line 341
   at TestProject2.UtilityClassTest.ImportEnrolleesTest() in D:\JoshFiles\ClassDLL\JBiometric\TestProject2\UtilityClassTest.cs:line 78
</StackTrace>
        </ErrorInfo>
      </Output>
    </UnitTestResult>
  </Results>
</TestRun>