<?xml version="1.0" encoding="UTF-8"?>
<TestRun id="32203e5e-c216-4783-842d-6155afce7f4c" name="kryptonite@KRYPTONITE-PC 2011-02-28 11:29:52" runUser="kryptonite-PC\kryptonite" xmlns="http://microsoft.com/schemas/VisualStudio/TeamTest/2006">
  <TestRunConfiguration name="Default Run Configuration" id="c69d44fd-d9e4-4451-98a8-500e19867fc2">
    <Deployment runDeploymentRoot="D:\JoshFiles\ClassDLL\JBiometric\TestProject2\bin\Debug\TestResults\kryptonite_KRYPTONITE-PC 2011-02-28 11_29_52" />
    <Hosts skipUnhostableTests="false" />
    <TestTypeSpecific />
  </TestRunConfiguration>
  <ResultSummary outcome="Completed">
    <Counters total="1" executed="1" passed="1" error="0" failed="0" timeout="0" aborted="0" inconclusive="0" passedButRunAborted="0" notRunnable="0" notExecuted="0" disconnected="0" warning="0" completed="0" inProgress="0" pending="0" />
  </ResultSummary>
  <Times creation="2011-02-28T11:29:52.8777388+08:00" queuing="2011-02-28T11:29:53.7627894+08:00" start="2011-02-28T11:29:53.9247987+08:00" finish="2011-02-28T11:29:55.3418798+08:00" />
  <TestDefinitions>
    <UnitTest name="ImportEnrolleesTest" storage="d:\joshfiles\classdll\jbiometric\testproject2\bin\debug\testproject2.dll" id="9a4d54e7-f50d-4173-d65c-635ed9136a74">
      <Css projectStructure="" iteration="" />
      <Execution timeOut="1800000" id="6fdfa012-b768-418e-a2ad-2ba3d3171002" />
      <Owners>
        <Owner name="" />
      </Owners>
      <TestMethod codeBase="D:/JoshFiles/ClassDLL/JBiometric/TestProject2/bin/Debug/TestProject2.DLL" adapterTypeName="Microsoft.VisualStudio.TestTools.TestTypes.Unit.UnitTestAdapter, Microsoft.VisualStudio.QualityTools.Tips.UnitTest.Adapter" className="TestProject2.UtilityClassTest, TestProject2, Version=1.0.0.0, Culture=neutral, PublicKeyToken=null" name="ImportEnrolleesTest" />
    </UnitTest>
  </TestDefinitions>
  <TestLists>
    <TestList name="Results Not in a List" id="8c84fa94-04c1-424b-9868-57a2d4851a1d" />
    <TestList name="All Loaded Results" id="19431567-8539-422a-85d7-44ee4e166bda" />
  </TestLists>
  <TestEntries>
    <TestEntry testId="9a4d54e7-f50d-4173-d65c-635ed9136a74" executionId="6fdfa012-b768-418e-a2ad-2ba3d3171002" testListId="8c84fa94-04c1-424b-9868-57a2d4851a1d" />
  </TestEntries>
  <Results>
    <UnitTestResult executionId="6fdfa012-b768-418e-a2ad-2ba3d3171002" testId="9a4d54e7-f50d-4173-d65c-635ed9136a74" testName="ImportEnrolleesTest" computerName="KRYPTONITE-PC" duration="00:00:01.1817236" startTime="2011-02-28T11:29:53.9918025+08:00" endTime="2011-02-28T11:29:55.2608751+08:00" testType="13cdc9d9-ddb5-4fa4-a97d-d965ccfc6d4b" outcome="Passed" testListId="8c84fa94-04c1-424b-9868-57a2d4851a1d">
      <Output>
        <StdOut>1 - LORILLA
2 - LORILLA
0 -</StdOut>
      </Output>
    </UnitTestResult>
  </Results>
</TestRun>