<?xml version="1.0" encoding="UTF-8"?>
<TestRun id="75932a63-9ea9-4e17-9a9a-516a1d7266da" name="kryptonite@KRYPTONITE-PC 2011-02-15 08:40:12" runUser="kryptonite-PC\kryptonite" xmlns="http://microsoft.com/schemas/VisualStudio/TeamTest/2006">
  <TestRunConfiguration name="Default Run Configuration" id="2eeddb18-8f3c-483b-8fcc-707399faf9f3">
    <Deployment runDeploymentRoot="D:\JoshFiles\ClassDLL\JBiometric\TestProject2\bin\Debug\TestResults\kryptonite_KRYPTONITE-PC 2011-02-15 08_40_12" />
    <Hosts skipUnhostableTests="false" />
    <TestTypeSpecific />
  </TestRunConfiguration>
  <ResultSummary outcome="Completed">
    <Counters total="1" executed="1" passed="1" error="0" failed="0" timeout="0" aborted="0" inconclusive="0" passedButRunAborted="0" notRunnable="0" notExecuted="0" disconnected="0" warning="0" completed="0" inProgress="0" pending="0" />
  </ResultSummary>
  <Times creation="2011-02-15T08:40:12.9887727+08:00" queuing="2011-02-15T08:40:14.0568338+08:00" start="2011-02-15T08:40:14.2588454+08:00" finish="2011-02-15T08:43:46.0469589+08:00" />
  <TestDefinitions>
    <UnitTest name="LoadEnrolleeAttendanceDTRAllTest" storage="d:\joshfiles\classdll\jbiometric\testproject2\bin\debug\testproject2.dll" id="c234175b-e3fa-8744-2795-dfcb44a844f1">
      <Css projectStructure="" iteration="" />
      <Execution timeOut="1800000" id="1f402b1a-8ca6-42be-9c8c-2648477372fa" />
      <Owners>
        <Owner name="" />
      </Owners>
      <DeploymentItems>
        <DeploymentItem filename="AttendanceKeeper.exe" />
      </DeploymentItems>
      <TestMethod codeBase="D:/JoshFiles/ClassDLL/JBiometric/TestProject2/bin/Debug/TestProject2.DLL" adapterTypeName="Microsoft.VisualStudio.TestTools.TestTypes.Unit.UnitTestAdapter, Microsoft.VisualStudio.QualityTools.Tips.UnitTest.Adapter" className="TestProject2.DataManagementClassTest, TestProject2, Version=1.0.0.0, Culture=neutral, PublicKeyToken=null" name="LoadEnrolleeAttendanceDTRAllTest" />
    </UnitTest>
  </TestDefinitions>
  <TestLists>
    <TestList name="Results Not in a List" id="8c84fa94-04c1-424b-9868-57a2d4851a1d" />
    <TestList name="All Loaded Results" id="19431567-8539-422a-85d7-44ee4e166bda" />
  </TestLists>
  <TestEntries>
    <TestEntry testId="c234175b-e3fa-8744-2795-dfcb44a844f1" executionId="1f402b1a-8ca6-42be-9c8c-2648477372fa" testListId="8c84fa94-04c1-424b-9868-57a2d4851a1d" />
  </TestEntries>
  <Results>
    <UnitTestResult executionId="1f402b1a-8ca6-42be-9c8c-2648477372fa" testId="c234175b-e3fa-8744-2795-dfcb44a844f1" testName="LoadEnrolleeAttendanceDTRAllTest" computerName="KRYPTONITE-PC" duration="00:03:25.6293964" startTime="2011-02-15T08:40:14.3298494+08:00" endTime="2011-02-15T08:43:45.9609540+08:00" testType="13cdc9d9-ddb5-4fa4-a97d-d965ccfc6d4b" outcome="Passed" testListId="8c84fa94-04c1-424b-9868-57a2d4851a1d">
      <Output>
        <StdOut>12:58
31, 2/1/2011 12:00:00 AM
31, 2/2/2011 12:00:00 AM
31, 2/3/2011 12:00:00 AM
31, 2/4/2011 12:00:00 AM
117, 2/1/2011 12:00:00 AM
117, 2/2/2011 12:00:00 AM
117, 2/4/2011 12:00:00 AM
90, 2/1/2011 12:00:00 AM
90, 2/2/2011 12:00:00 AM
90, 2/3/2011 12:00:00 AM
90, 2/4/2011 12:00:00 AM
10, 2/1/2011 12:00:00 AM
10, 2/2/2011 12:00:00 AM
10, 2/4/2011 12:00:00 AM
100, 2/1/2011 12:00:00 AM
100, 2/2/2011 12:00:00 AM
100, 2/3/2011 12:00:00 AM
100, 2/4/2011 12:00:00 AM
32, 2/1/2011 12:00:00 AM
32, 2/2/2011 12:00:00 AM
32, 2/3/2011 12:00:00 AM
32, 2/4/2011 12:00:00 AM
68, 2/1/2011 12:00:00 AM
68, 2/2/2011 12:00:00 AM
68, 2/3/2011 12:00:00 AM
68, 2/4/2011 12:00:00 AM
77, 2/1/2011 12:00:00 AM
77, 2/2/2011 12:00:00 AM
77, 2/3/2011 12:00:00 AM
77, 2/4/2011 12:00:00 AM
3, 2/1/2011 12:00:00 AM
3, 2/2/2011 12:00:00 AM
3, 2/3/2011 12:00:00 AM
3, 2/4/2011 12:00:00 AM
71, 2/1/2011 12:00:00 AM
71, 2/2/2011 12:00:00 AM
71, 2/3/2011 12:00:00 AM
71, 2/4/2011 12:00:00 AM
4, 2/1/2011 12:00:00 AM
4, 2/2/2011 12:00:00 AM
4, 2/3/2011 12:00:00 AM
4, 2/4/2011 12:00:00 AM
48, 2/1/2011 12:00:00 AM
48, 2/2/2011 12:00:00 AM
48, 2/3/2011 12:00:00 AM
48, 2/4/2011 12:00:00 AM
121, 2/2/2011 12:00:00 AM
91, 2/1/2011 12:00:00 AM
91, 2/2/2011 12:00:00 AM
91, 2/3/2011 12:00:00 AM
91, 2/4/2011 12:00:00 AM
57, 2/1/2011 12:00:00 AM
57, 2/2/2011 12:00:00 AM
57, 2/3/2011 12:00:00 AM
57, 2/4/2011 12:00:00 AM
27, 2/1/2011 12:00:00 AM
27, 2/3/2011 12:00:00 AM
27, 2/4/2011 12:00:00 AM
6, 2/1/2011 12:00:00 AM
6, 2/2/2011 12:00:00 AM
6, 2/3/2011 12:00:00 AM
6, 2/4/2011 12:00:00 AM
104, 2/1/2011 12:00:00 AM
104, 2/3/2011 12:00:00 AM
104, 2/4/2011 12:00:00 AM
49, 2/1/2011 12:00:00 AM
49, 2/2/2011 12:00:00 AM
49, 2/3/2011 12:00:00 AM
49, 2/4/2011 12:00:00 AM
69, 2/1/2011 12:00:00 AM
69, 2/2/2011 12:00:00 AM
101, 2/1/2011 12:00:00 AM</StdOut>
      </Output>
    </UnitTestResult>
  </Results>
</TestRun>